Linked: (/home/annet/ros/hrwros_ws/devel/.private/hrwros_msgs/share/common-lisp/ros/hrwros_msgs/msg/CounterWithDelayResult.lisp, /home/annet/ros/hrwros_ws/devel/share/common-lisp/ros/hrwros_msgs/msg/CounterWithDelayResult.lisp)
Linked: (/home/annet/ros/hrwros_ws/devel/.private/hrwros_msgs/share/common-lisp/ros/hrwros_msgs/msg/CounterWithDelayActionResult.lisp, /home/annet/ros/hrwros_ws/devel/share/common-lisp/ros/hrwros_msgs/msg/CounterWithDelayActionResult.lisp)
Linked: (/home/annet/ros/hrwros_ws/devel/.private/hrwros_msgs/share/common-lisp/ros/hrwros_msgs/msg/_package_ObjectDetection.lisp, /home/annet/ros/hrwros_ws/devel/share/common-lisp/ros/hrwros_msgs/msg/_package_ObjectDetection.lisp)
Linked: (/home/annet/ros/hrwros_ws/devel/.private/hrwros_msgs/share/common-lisp/ros/hrwros_msgs/msg/_package.lisp, /home/annet/ros/hrwros_ws/devel/share/common-lisp/ros/hrwros_msgs/msg/_package.lisp)
Linked: (/home/annet/ros/hrwros_ws/devel/.private/hrwros_msgs/share/common-lisp/ros/hrwros_msgs/msg/_package_CounterWithDelayResult.lisp, /home/annet/ros/hrwros_ws/devel/share/common-lisp/ros/hrwros_msgs/msg/_package_CounterWithDelayResult.lisp)
Linked: (/home/annet/ros/hrwros_ws/devel/.private/hrwros_msgs/share/common-lisp/ros/hrwros_msgs/msg/_package_CounterWithDelayFeedback.lisp, /home/annet/ros/hrwros_ws/devel/share/common-lisp/ros/hrwros_msgs/msg/_package_CounterWithDelayFeedback.lisp)
Linked: (/home/annet/ros/hrwros_ws/devel/.private/hrwros_msgs/share/common-lisp/ros/hrwros_msgs/msg/CounterWithDelayActionFeedback.lisp, /home/annet/ros/hrwros_ws/devel/share/common-lisp/ros/hrwros_msgs/msg/CounterWithDelayActionFeedback.lisp)
Linked: (/home/annet/ros/hrwros_ws/devel/.private/hrwros_msgs/share/common-lisp/ros/hrwros_msgs/msg/CounterWithDelayAction.lisp, /home/annet/ros/hrwros_ws/devel/share/common-lisp/ros/hrwros_msgs/msg/CounterWithDelayAction.lisp)
Linked: (/home/annet/ros/hrwros_ws/devel/.private/hrwros_msgs/share/common-lisp/ros/hrwros_msgs/msg/CounterWithDelayGoal.lisp, /home/annet/ros/hrwros_ws/devel/share/common-lisp/ros/hrwros_msgs/msg/CounterWithDelayGoal.lisp)
Linked: (/home/annet/ros/hrwros_ws/devel/.private/hrwros_msgs/share/common-lisp/ros/hrwros_msgs/msg/CounterWithDelayActionGoal.lisp, /home/annet/ros/hrwros_ws/devel/share/common-lisp/ros/hrwros_msgs/msg/CounterWithDelayActionGoal.lisp)
Linked: (/home/annet/ros/hrwros_ws/devel/.private/hrwros_msgs/share/common-lisp/ros/hrwros_msgs/msg/RobotTrajectories.lisp, /home/annet/ros/hrwros_ws/devel/share/common-lisp/ros/hrwros_msgs/msg/RobotTrajectories.lisp)
Linked: (/home/annet/ros/hrwros_ws/devel/.private/hrwros_msgs/share/common-lisp/ros/hrwros_msgs/msg/_package_CounterWithDelayAction.lisp, /home/annet/ros/hrwros_ws/devel/share/common-lisp/ros/hrwros_msgs/msg/_package_CounterWithDelayAction.lisp)
Linked: (/home/annet/ros/hrwros_ws/devel/.private/hrwros_msgs/share/common-lisp/ros/hrwros_msgs/msg/TargetToolPoses.lisp, /home/annet/ros/hrwros_ws/devel/share/common-lisp/ros/hrwros_msgs/msg/TargetToolPoses.lisp)
Linked: (/home/annet/ros/hrwros_ws/devel/.private/hrwros_msgs/share/common-lisp/ros/hrwros_msgs/msg/SensorInformation.lisp, /home/annet/ros/hrwros_ws/devel/share/common-lisp/ros/hrwros_msgs/msg/SensorInformation.lisp)
Linked: (/home/annet/ros/hrwros_ws/devel/.private/hrwros_msgs/share/common-lisp/ros/hrwros_msgs/msg/_package_CounterWithDelayActionGoal.lisp, /home/annet/ros/hrwros_ws/devel/share/common-lisp/ros/hrwros_msgs/msg/_package_CounterWithDelayActionGoal.lisp)
Linked: (/home/annet/ros/hrwros_ws/devel/.private/hrwros_msgs/share/common-lisp/ros/hrwros_msgs/msg/_package_TargetToolPoses.lisp, /home/annet/ros/hrwros_ws/devel/share/common-lisp/ros/hrwros_msgs/msg/_package_TargetToolPoses.lisp)
Linked: (/home/annet/ros/hrwros_ws/devel/.private/hrwros_msgs/share/common-lisp/ros/hrwros_msgs/msg/_package_CounterWithDelayActionFeedback.lisp, /home/annet/ros/hrwros_ws/devel/share/common-lisp/ros/hrwros_msgs/msg/_package_CounterWithDelayActionFeedback.lisp)
Linked: (/home/annet/ros/hrwros_ws/devel/.private/hrwros_msgs/share/common-lisp/ros/hrwros_msgs/msg/_package_CounterWithDelayGoal.lisp, /home/annet/ros/hrwros_ws/devel/share/common-lisp/ros/hrwros_msgs/msg/_package_CounterWithDelayGoal.lisp)
Linked: (/home/annet/ros/hrwros_ws/devel/.private/hrwros_msgs/share/common-lisp/ros/hrwros_msgs/msg/CounterWithDelayFeedback.lisp, /home/annet/ros/hrwros_ws/devel/share/common-lisp/ros/hrwros_msgs/msg/CounterWithDelayFeedback.lisp)
Linked: (/home/annet/ros/hrwros_ws/devel/.private/hrwros_msgs/share/common-lisp/ros/hrwros_msgs/msg/hrwros_msgs-msg.asd, /home/annet/ros/hrwros_ws/devel/share/common-lisp/ros/hrwros_msgs/msg/hrwros_msgs-msg.asd)
Linked: (/home/annet/ros/hrwros_ws/devel/.private/hrwros_msgs/share/common-lisp/ros/hrwros_msgs/msg/ObjectDetection.lisp, /home/annet/ros/hrwros_ws/devel/share/common-lisp/ros/hrwros_msgs/msg/ObjectDetection.lisp)
Linked: (/home/annet/ros/hrwros_ws/devel/.private/hrwros_msgs/share/common-lisp/ros/hrwros_msgs/msg/_package_SensorInformation.lisp, /home/annet/ros/hrwros_ws/devel/share/common-lisp/ros/hrwros_msgs/msg/_package_SensorInformation.lisp)
Linked: (/home/annet/ros/hrwros_ws/devel/.private/hrwros_msgs/share/common-lisp/ros/hrwros_msgs/msg/_package_RobotTrajectories.lisp, /home/annet/ros/hrwros_ws/devel/share/common-lisp/ros/hrwros_msgs/msg/_package_RobotTrajectories.lisp)
Linked: (/home/annet/ros/hrwros_ws/devel/.private/hrwros_msgs/share/common-lisp/ros/hrwros_msgs/msg/_package_CounterWithDelayActionResult.lisp, /home/annet/ros/hrwros_ws/devel/share/common-lisp/ros/hrwros_msgs/msg/_package_CounterWithDelayActionResult.lisp)
Linked: (/home/annet/ros/hrwros_ws/devel/.private/hrwros_msgs/share/common-lisp/ros/hrwros_msgs/srv/_package_ConvertMetresToFeet.lisp, /home/annet/ros/hrwros_ws/devel/share/common-lisp/ros/hrwros_msgs/srv/_package_ConvertMetresToFeet.lisp)
Linked: (/home/annet/ros/hrwros_ws/devel/.private/hrwros_msgs/share/common-lisp/ros/hrwros_msgs/srv/_package.lisp, /home/annet/ros/hrwros_ws/devel/share/common-lisp/ros/hrwros_msgs/srv/_package.lisp)
Linked: (/home/annet/ros/hrwros_ws/devel/.private/hrwros_msgs/share/common-lisp/ros/hrwros_msgs/srv/hrwros_msgs-srv.asd, /home/annet/ros/hrwros_ws/devel/share/common-lisp/ros/hrwros_msgs/srv/hrwros_msgs-srv.asd)
Linked: (/home/annet/ros/hrwros_ws/devel/.private/hrwros_msgs/share/common-lisp/ros/hrwros_msgs/srv/ConvertMetresToFeet.lisp, /home/annet/ros/hrwros_ws/devel/share/common-lisp/ros/hrwros_msgs/srv/ConvertMetresToFeet.lisp)
Linked: (/home/annet/ros/hrwros_ws/devel/.private/hrwros_msgs/share/hrwros_msgs/cmake/hrwros_msgs-msg-paths.cmake, /home/annet/ros/hrwros_ws/devel/share/hrwros_msgs/cmake/hrwros_msgs-msg-paths.cmake)
Linked: (/home/annet/ros/hrwros_ws/devel/.private/hrwros_msgs/share/hrwros_msgs/cmake/hrwros_msgs-msg-extras.cmake, /home/annet/ros/hrwros_ws/devel/share/hrwros_msgs/cmake/hrwros_msgs-msg-extras.cmake)
Linked: (/home/annet/ros/hrwros_ws/devel/.private/hrwros_msgs/share/hrwros_msgs/cmake/hrwros_msgsConfig-version.cmake, /home/annet/ros/hrwros_ws/devel/share/hrwros_msgs/cmake/hrwros_msgsConfig-version.cmake)
Linked: (/home/annet/ros/hrwros_ws/devel/.private/hrwros_msgs/share/hrwros_msgs/cmake/hrwros_msgsConfig.cmake, /home/annet/ros/hrwros_ws/devel/share/hrwros_msgs/cmake/hrwros_msgsConfig.cmake)
Linked: (/home/annet/ros/hrwros_ws/devel/.private/hrwros_msgs/share/hrwros_msgs/msg/CounterWithDelayActionGoal.msg, /home/annet/ros/hrwros_ws/devel/share/hrwros_msgs/msg/CounterWithDelayActionGoal.msg)
Linked: (/home/annet/ros/hrwros_ws/devel/.private/hrwros_msgs/share/hrwros_msgs/msg/CounterWithDelayResult.msg, /home/annet/ros/hrwros_ws/devel/share/hrwros_msgs/msg/CounterWithDelayResult.msg)
Linked: (/home/annet/ros/hrwros_ws/devel/.private/hrwros_msgs/share/hrwros_msgs/msg/CounterWithDelayFeedback.msg, /home/annet/ros/hrwros_ws/devel/share/hrwros_msgs/msg/CounterWithDelayFeedback.msg)
Linked: (/home/annet/ros/hrwros_ws/devel/.private/hrwros_msgs/share/hrwros_msgs/msg/CounterWithDelayGoal.msg, /home/annet/ros/hrwros_ws/devel/share/hrwros_msgs/msg/CounterWithDelayGoal.msg)
Linked: (/home/annet/ros/hrwros_ws/devel/.private/hrwros_msgs/share/hrwros_msgs/msg/CounterWithDelayActionFeedback.msg, /home/annet/ros/hrwros_ws/devel/share/hrwros_msgs/msg/CounterWithDelayActionFeedback.msg)
Linked: (/home/annet/ros/hrwros_ws/devel/.private/hrwros_msgs/share/hrwros_msgs/msg/CounterWithDelayAction.msg, /home/annet/ros/hrwros_ws/devel/share/hrwros_msgs/msg/CounterWithDelayAction.msg)
Linked: (/home/annet/ros/hrwros_ws/devel/.private/hrwros_msgs/share/hrwros_msgs/msg/CounterWithDelayActionResult.msg, /home/annet/ros/hrwros_ws/devel/share/hrwros_msgs/msg/CounterWithDelayActionResult.msg)
Linked: (/home/annet/ros/hrwros_ws/devel/.private/hrwros_msgs/share/gennodejs/ros/hrwros_msgs/_index.js, /home/annet/ros/hrwros_ws/devel/share/gennodejs/ros/hrwros_msgs/_index.js)
Linked: (/home/annet/ros/hrwros_ws/devel/.private/hrwros_msgs/share/gennodejs/ros/hrwros_msgs/msg/CounterWithDelayActionGoal.js, /home/annet/ros/hrwros_ws/devel/share/gennodejs/ros/hrwros_msgs/msg/CounterWithDelayActionGoal.js)
Linked: (/home/annet/ros/hrwros_ws/devel/.private/hrwros_msgs/share/gennodejs/ros/hrwros_msgs/msg/CounterWithDelayResult.js, /home/annet/ros/hrwros_ws/devel/share/gennodejs/ros/hrwros_msgs/msg/CounterWithDelayResult.js)
Linked: (/home/annet/ros/hrwros_ws/devel/.private/hrwros_msgs/share/gennodejs/ros/hrwros_msgs/msg/SensorInformation.js, /home/annet/ros/hrwros_ws/devel/share/gennodejs/ros/hrwros_msgs/msg/SensorInformation.js)
Linked: (/home/annet/ros/hrwros_ws/devel/.private/hrwros_msgs/share/gennodejs/ros/hrwros_msgs/msg/CounterWithDelayGoal.js, /home/annet/ros/hrwros_ws/devel/share/gennodejs/ros/hrwros_msgs/msg/CounterWithDelayGoal.js)
Linked: (/home/annet/ros/hrwros_ws/devel/.private/hrwros_msgs/share/gennodejs/ros/hrwros_msgs/msg/CounterWithDelayAction.js, /home/annet/ros/hrwros_ws/devel/share/gennodejs/ros/hrwros_msgs/msg/CounterWithDelayAction.js)
Linked: (/home/annet/ros/hrwros_ws/devel/.private/hrwros_msgs/share/gennodejs/ros/hrwros_msgs/msg/RobotTrajectories.js, /home/annet/ros/hrwros_ws/devel/share/gennodejs/ros/hrwros_msgs/msg/RobotTrajectories.js)
Linked: (/home/annet/ros/hrwros_ws/devel/.private/hrwros_msgs/share/gennodejs/ros/hrwros_msgs/msg/_index.js, /home/annet/ros/hrwros_ws/devel/share/gennodejs/ros/hrwros_msgs/msg/_index.js)
Linked: (/home/annet/ros/hrwros_ws/devel/.private/hrwros_msgs/share/gennodejs/ros/hrwros_msgs/msg/CounterWithDelayActionFeedback.js, /home/annet/ros/hrwros_ws/devel/share/gennodejs/ros/hrwros_msgs/msg/CounterWithDelayActionFeedback.js)
Linked: (/home/annet/ros/hrwros_ws/devel/.private/hrwros_msgs/share/gennodejs/ros/hrwros_msgs/msg/TargetToolPoses.js, /home/annet/ros/hrwros_ws/devel/share/gennodejs/ros/hrwros_msgs/msg/TargetToolPoses.js)
Linked: (/home/annet/ros/hrwros_ws/devel/.private/hrwros_msgs/share/gennodejs/ros/hrwros_msgs/msg/CounterWithDelayActionResult.js, /home/annet/ros/hrwros_ws/devel/share/gennodejs/ros/hrwros_msgs/msg/CounterWithDelayActionResult.js)
Linked: (/home/annet/ros/hrwros_ws/devel/.private/hrwros_msgs/share/gennodejs/ros/hrwros_msgs/msg/ObjectDetection.js, /home/annet/ros/hrwros_ws/devel/share/gennodejs/ros/hrwros_msgs/msg/ObjectDetection.js)
Linked: (/home/annet/ros/hrwros_ws/devel/.private/hrwros_msgs/share/gennodejs/ros/hrwros_msgs/msg/CounterWithDelayFeedback.js, /home/annet/ros/hrwros_ws/devel/share/gennodejs/ros/hrwros_msgs/msg/CounterWithDelayFeedback.js)
Linked: (/home/annet/ros/hrwros_ws/devel/.private/hrwros_msgs/share/gennodejs/ros/hrwros_msgs/srv/_index.js, /home/annet/ros/hrwros_ws/devel/share/gennodejs/ros/hrwros_msgs/srv/_index.js)
Linked: (/home/annet/ros/hrwros_ws/devel/.private/hrwros_msgs/share/gennodejs/ros/hrwros_msgs/srv/ConvertMetresToFeet.js, /home/annet/ros/hrwros_ws/devel/share/gennodejs/ros/hrwros_msgs/srv/ConvertMetresToFeet.js)
Linked: (/home/annet/ros/hrwros_ws/devel/.private/hrwros_msgs/share/roseus/ros/hrwros_msgs/manifest.l, /home/annet/ros/hrwros_ws/devel/share/roseus/ros/hrwros_msgs/manifest.l)
Linked: (/home/annet/ros/hrwros_ws/devel/.private/hrwros_msgs/share/roseus/ros/hrwros_msgs/msg/CounterWithDelayActionGoal.l, /home/annet/ros/hrwros_ws/devel/share/roseus/ros/hrwros_msgs/msg/CounterWithDelayActionGoal.l)
Linked: (/home/annet/ros/hrwros_ws/devel/.private/hrwros_msgs/share/roseus/ros/hrwros_msgs/msg/CounterWithDelayFeedback.l, /home/annet/ros/hrwros_ws/devel/share/roseus/ros/hrwros_msgs/msg/CounterWithDelayFeedback.l)
Linked: (/home/annet/ros/hrwros_ws/devel/.private/hrwros_msgs/share/roseus/ros/hrwros_msgs/msg/TargetToolPoses.l, /home/annet/ros/hrwros_ws/devel/share/roseus/ros/hrwros_msgs/msg/TargetToolPoses.l)
Linked: (/home/annet/ros/hrwros_ws/devel/.private/hrwros_msgs/share/roseus/ros/hrwros_msgs/msg/RobotTrajectories.l, /home/annet/ros/hrwros_ws/devel/share/roseus/ros/hrwros_msgs/msg/RobotTrajectories.l)
Linked: (/home/annet/ros/hrwros_ws/devel/.private/hrwros_msgs/share/roseus/ros/hrwros_msgs/msg/CounterWithDelayAction.l, /home/annet/ros/hrwros_ws/devel/share/roseus/ros/hrwros_msgs/msg/CounterWithDelayAction.l)
Linked: (/home/annet/ros/hrwros_ws/devel/.private/hrwros_msgs/share/roseus/ros/hrwros_msgs/msg/CounterWithDelayActionResult.l, /home/annet/ros/hrwros_ws/devel/share/roseus/ros/hrwros_msgs/msg/CounterWithDelayActionResult.l)
Linked: (/home/annet/ros/hrwros_ws/devel/.private/hrwros_msgs/share/roseus/ros/hrwros_msgs/msg/SensorInformation.l, /home/annet/ros/hrwros_ws/devel/share/roseus/ros/hrwros_msgs/msg/SensorInformation.l)
Linked: (/home/annet/ros/hrwros_ws/devel/.private/hrwros_msgs/share/roseus/ros/hrwros_msgs/msg/CounterWithDelayActionFeedback.l, /home/annet/ros/hrwros_ws/devel/share/roseus/ros/hrwros_msgs/msg/CounterWithDelayActionFeedback.l)
Linked: (/home/annet/ros/hrwros_ws/devel/.private/hrwros_msgs/share/roseus/ros/hrwros_msgs/msg/CounterWithDelayGoal.l, /home/annet/ros/hrwros_ws/devel/share/roseus/ros/hrwros_msgs/msg/CounterWithDelayGoal.l)
Linked: (/home/annet/ros/hrwros_ws/devel/.private/hrwros_msgs/share/roseus/ros/hrwros_msgs/msg/CounterWithDelayResult.l, /home/annet/ros/hrwros_ws/devel/share/roseus/ros/hrwros_msgs/msg/CounterWithDelayResult.l)
Linked: (/home/annet/ros/hrwros_ws/devel/.private/hrwros_msgs/share/roseus/ros/hrwros_msgs/msg/ObjectDetection.l, /home/annet/ros/hrwros_ws/devel/share/roseus/ros/hrwros_msgs/msg/ObjectDetection.l)
Linked: (/home/annet/ros/hrwros_ws/devel/.private/hrwros_msgs/share/roseus/ros/hrwros_msgs/srv/ConvertMetresToFeet.l, /home/annet/ros/hrwros_ws/devel/share/roseus/ros/hrwros_msgs/srv/ConvertMetresToFeet.l)
Linked: (/home/annet/ros/hrwros_ws/devel/.private/hrwros_msgs/lib/pkgconfig/hrwros_msgs.pc, /home/annet/ros/hrwros_ws/devel/lib/pkgconfig/hrwros_msgs.pc)
Linked: (/home/annet/ros/hrwros_ws/devel/.private/hrwros_msgs/lib/python2.7/dist-packages/hrwros_msgs/__init__.py, /home/annet/ros/hrwros_ws/devel/lib/python2.7/dist-packages/hrwros_msgs/__init__.py)
Linked: (/home/annet/ros/hrwros_ws/devel/.private/hrwros_msgs/lib/python2.7/dist-packages/hrwros_msgs/msg/_TargetToolPoses.py, /home/annet/ros/hrwros_ws/devel/lib/python2.7/dist-packages/hrwros_msgs/msg/_TargetToolPoses.py)
Linked: (/home/annet/ros/hrwros_ws/devel/.private/hrwros_msgs/lib/python2.7/dist-packages/hrwros_msgs/msg/_CounterWithDelayActionResult.py, /home/annet/ros/hrwros_ws/devel/lib/python2.7/dist-packages/hrwros_msgs/msg/_CounterWithDelayActionResult.py)
Linked: (/home/annet/ros/hrwros_ws/devel/.private/hrwros_msgs/lib/python2.7/dist-packages/hrwros_msgs/msg/_CounterWithDelayFeedback.py, /home/annet/ros/hrwros_ws/devel/lib/python2.7/dist-packages/hrwros_msgs/msg/_CounterWithDelayFeedback.py)
Linked: (/home/annet/ros/hrwros_ws/devel/.private/hrwros_msgs/lib/python2.7/dist-packages/hrwros_msgs/msg/_CounterWithDelayActionFeedback.py, /home/annet/ros/hrwros_ws/devel/lib/python2.7/dist-packages/hrwros_msgs/msg/_CounterWithDelayActionFeedback.py)
Linked: (/home/annet/ros/hrwros_ws/devel/.private/hrwros_msgs/lib/python2.7/dist-packages/hrwros_msgs/msg/_CounterWithDelayAction.py, /home/annet/ros/hrwros_ws/devel/lib/python2.7/dist-packages/hrwros_msgs/msg/_CounterWithDelayAction.py)
Linked: (/home/annet/ros/hrwros_ws/devel/.private/hrwros_msgs/lib/python2.7/dist-packages/hrwros_msgs/msg/_ObjectDetection.py, /home/annet/ros/hrwros_ws/devel/lib/python2.7/dist-packages/hrwros_msgs/msg/_ObjectDetection.py)
Linked: (/home/annet/ros/hrwros_ws/devel/.private/hrwros_msgs/lib/python2.7/dist-packages/hrwros_msgs/msg/__init__.py, /home/annet/ros/hrwros_ws/devel/lib/python2.7/dist-packages/hrwros_msgs/msg/__init__.py)
Linked: (/home/annet/ros/hrwros_ws/devel/.private/hrwros_msgs/lib/python2.7/dist-packages/hrwros_msgs/msg/_CounterWithDelayGoal.py, /home/annet/ros/hrwros_ws/devel/lib/python2.7/dist-packages/hrwros_msgs/msg/_CounterWithDelayGoal.py)
Linked: (/home/annet/ros/hrwros_ws/devel/.private/hrwros_msgs/lib/python2.7/dist-packages/hrwros_msgs/msg/_CounterWithDelayActionGoal.py, /home/annet/ros/hrwros_ws/devel/lib/python2.7/dist-packages/hrwros_msgs/msg/_CounterWithDelayActionGoal.py)
Linked: (/home/annet/ros/hrwros_ws/devel/.private/hrwros_msgs/lib/python2.7/dist-packages/hrwros_msgs/msg/_RobotTrajectories.py, /home/annet/ros/hrwros_ws/devel/lib/python2.7/dist-packages/hrwros_msgs/msg/_RobotTrajectories.py)
Linked: (/home/annet/ros/hrwros_ws/devel/.private/hrwros_msgs/lib/python2.7/dist-packages/hrwros_msgs/msg/_CounterWithDelayResult.py, /home/annet/ros/hrwros_ws/devel/lib/python2.7/dist-packages/hrwros_msgs/msg/_CounterWithDelayResult.py)
Linked: (/home/annet/ros/hrwros_ws/devel/.private/hrwros_msgs/lib/python2.7/dist-packages/hrwros_msgs/msg/_SensorInformation.py, /home/annet/ros/hrwros_ws/devel/lib/python2.7/dist-packages/hrwros_msgs/msg/_SensorInformation.py)
Linked: (/home/annet/ros/hrwros_ws/devel/.private/hrwros_msgs/lib/python2.7/dist-packages/hrwros_msgs/srv/__init__.py, /home/annet/ros/hrwros_ws/devel/lib/python2.7/dist-packages/hrwros_msgs/srv/__init__.py)
Linked: (/home/annet/ros/hrwros_ws/devel/.private/hrwros_msgs/lib/python2.7/dist-packages/hrwros_msgs/srv/_ConvertMetresToFeet.py, /home/annet/ros/hrwros_ws/devel/lib/python2.7/dist-packages/hrwros_msgs/srv/_ConvertMetresToFeet.py)
Linked: (/home/annet/ros/hrwros_ws/devel/.private/hrwros_msgs/include/hrwros_msgs/ConvertMetresToFeet.h, /home/annet/ros/hrwros_ws/devel/include/hrwros_msgs/ConvertMetresToFeet.h)
Linked: (/home/annet/ros/hrwros_ws/devel/.private/hrwros_msgs/include/hrwros_msgs/CounterWithDelayActionGoal.h, /home/annet/ros/hrwros_ws/devel/include/hrwros_msgs/CounterWithDelayActionGoal.h)
Linked: (/home/annet/ros/hrwros_ws/devel/.private/hrwros_msgs/include/hrwros_msgs/ObjectDetection.h, /home/annet/ros/hrwros_ws/devel/include/hrwros_msgs/ObjectDetection.h)
Linked: (/home/annet/ros/hrwros_ws/devel/.private/hrwros_msgs/include/hrwros_msgs/CounterWithDelayActionFeedback.h, /home/annet/ros/hrwros_ws/devel/include/hrwros_msgs/CounterWithDelayActionFeedback.h)
Linked: (/home/annet/ros/hrwros_ws/devel/.private/hrwros_msgs/include/hrwros_msgs/TargetToolPoses.h, /home/annet/ros/hrwros_ws/devel/include/hrwros_msgs/TargetToolPoses.h)
Linked: (/home/annet/ros/hrwros_ws/devel/.private/hrwros_msgs/include/hrwros_msgs/CounterWithDelayFeedback.h, /home/annet/ros/hrwros_ws/devel/include/hrwros_msgs/CounterWithDelayFeedback.h)
Linked: (/home/annet/ros/hrwros_ws/devel/.private/hrwros_msgs/include/hrwros_msgs/CounterWithDelayActionResult.h, /home/annet/ros/hrwros_ws/devel/include/hrwros_msgs/CounterWithDelayActionResult.h)
Linked: (/home/annet/ros/hrwros_ws/devel/.private/hrwros_msgs/include/hrwros_msgs/CounterWithDelayResult.h, /home/annet/ros/hrwros_ws/devel/include/hrwros_msgs/CounterWithDelayResult.h)
Linked: (/home/annet/ros/hrwros_ws/devel/.private/hrwros_msgs/include/hrwros_msgs/SensorInformation.h, /home/annet/ros/hrwros_ws/devel/include/hrwros_msgs/SensorInformation.h)
Linked: (/home/annet/ros/hrwros_ws/devel/.private/hrwros_msgs/include/hrwros_msgs/CounterWithDelayAction.h, /home/annet/ros/hrwros_ws/devel/include/hrwros_msgs/CounterWithDelayAction.h)
Linked: (/home/annet/ros/hrwros_ws/devel/.private/hrwros_msgs/include/hrwros_msgs/ConvertMetresToFeetResponse.h, /home/annet/ros/hrwros_ws/devel/include/hrwros_msgs/ConvertMetresToFeetResponse.h)
Linked: (/home/annet/ros/hrwros_ws/devel/.private/hrwros_msgs/include/hrwros_msgs/CounterWithDelayGoal.h, /home/annet/ros/hrwros_ws/devel/include/hrwros_msgs/CounterWithDelayGoal.h)
Linked: (/home/annet/ros/hrwros_ws/devel/.private/hrwros_msgs/include/hrwros_msgs/RobotTrajectories.h, /home/annet/ros/hrwros_ws/devel/include/hrwros_msgs/RobotTrajectories.h)
Linked: (/home/annet/ros/hrwros_ws/devel/.private/hrwros_msgs/include/hrwros_msgs/ConvertMetresToFeetRequest.h, /home/annet/ros/hrwros_ws/devel/include/hrwros_msgs/ConvertMetresToFeetRequest.h)
