Determining if the pthread_create exist failed with the following output:
Change Dir: /home/annet/ros/hrwros_ws/build/hrwros_msgs/CMakeFiles/CMakeTmp

Run Build Command:"/usr/bin/make" "cmTC_dd051/fast"
/usr/bin/make -f CMakeFiles/cmTC_dd051.dir/build.make CMakeFiles/cmTC_dd051.dir/build
make[1]: Entering directory '/home/annet/ros/hrwros_ws/build/hrwros_msgs/CMakeFiles/CMakeTmp'
Building C object CMakeFiles/cmTC_dd051.dir/CheckSymbolExists.c.o
/usr/bin/cc    -o CMakeFiles/cmTC_dd051.dir/CheckSymbolExists.c.o   -c /home/annet/ros/hrwros_ws/build/hrwros_msgs/CMakeFiles/CMakeTmp/CheckSymbolExists.c
Linking C executable cmTC_dd051
/usr/bin/cmake -E cmake_link_script CMakeFiles/cmTC_dd051.dir/link.txt --verbose=1
/usr/bin/cc      -rdynamic CMakeFiles/cmTC_dd051.dir/CheckSymbolExists.c.o  -o cmTC_dd051 
CMakeFiles/cmTC_dd051.dir/CheckSymbolExists.c.o: In function `main':
CheckSymbolExists.c:(.text+0x1b): undefined reference to `pthread_create'
collect2: error: ld returned 1 exit status
CMakeFiles/cmTC_dd051.dir/build.make:97: recipe for target 'cmTC_dd051' failed
make[1]: *** [cmTC_dd051] Error 1
make[1]: Leaving directory '/home/annet/ros/hrwros_ws/build/hrwros_msgs/CMakeFiles/CMakeTmp'
Makefile:126: recipe for target 'cmTC_dd051/fast' failed
make: *** [cmTC_dd051/fast] Error 2

File /home/annet/ros/hrwros_ws/build/hrwros_msgs/CMakeFiles/CMakeTmp/CheckSymbolExists.c:
/* */
#include <pthread.h>

int main(int argc, char** argv)
{
  (void)argv;
#ifndef pthread_create
  return ((int*)(&pthread_create))[argc];
#else
  (void)argc;
  return 0;
#endif
}

Determining if the function pthread_create exists in the pthreads failed with the following output:
Change Dir: /home/annet/ros/hrwros_ws/build/hrwros_msgs/CMakeFiles/CMakeTmp

Run Build Command:"/usr/bin/make" "cmTC_78d60/fast"
/usr/bin/make -f CMakeFiles/cmTC_78d60.dir/build.make CMakeFiles/cmTC_78d60.dir/build
make[1]: Entering directory '/home/annet/ros/hrwros_ws/build/hrwros_msgs/CMakeFiles/CMakeTmp'
Building C object CMakeFiles/cmTC_78d60.dir/CheckFunctionExists.c.o
/usr/bin/cc   -DCHECK_FUNCTION_EXISTS=pthread_create   -o CMakeFiles/cmTC_78d60.dir/CheckFunctionExists.c.o   -c /usr/share/cmake-3.10/Modules/CheckFunctionExists.c
Linking C executable cmTC_78d60
/usr/bin/cmake -E cmake_link_script CMakeFiles/cmTC_78d60.dir/link.txt --verbose=1
/usr/bin/cc  -DCHECK_FUNCTION_EXISTS=pthread_create    -rdynamic CMakeFiles/cmTC_78d60.dir/CheckFunctionExists.c.o  -o cmTC_78d60 -lpthreads 
/usr/bin/ld: cannot find -lpthreads
collect2: error: ld returned 1 exit status
CMakeFiles/cmTC_78d60.dir/build.make:97: recipe for target 'cmTC_78d60' failed
make[1]: *** [cmTC_78d60] Error 1
make[1]: Leaving directory '/home/annet/ros/hrwros_ws/build/hrwros_msgs/CMakeFiles/CMakeTmp'
Makefile:126: recipe for target 'cmTC_78d60/fast' failed
make: *** [cmTC_78d60/fast] Error 2


