Determining if the pthread_create exist failed with the following output:
Change Dir: /home/annet/ros/hrwros_ws/build/hrwros_moveit_config/CMakeFiles/CMakeTmp

Run Build Command:"/usr/bin/make" "cmTC_baadf/fast"
/usr/bin/make -f CMakeFiles/cmTC_baadf.dir/build.make CMakeFiles/cmTC_baadf.dir/build
make[1]: Entering directory '/home/annet/ros/hrwros_ws/build/hrwros_moveit_config/CMakeFiles/CMakeTmp'
Building C object CMakeFiles/cmTC_baadf.dir/CheckSymbolExists.c.o
/usr/bin/cc    -o CMakeFiles/cmTC_baadf.dir/CheckSymbolExists.c.o   -c /home/annet/ros/hrwros_ws/build/hrwros_moveit_config/CMakeFiles/CMakeTmp/CheckSymbolExists.c
Linking C executable cmTC_baadf
/usr/bin/cmake -E cmake_link_script CMakeFiles/cmTC_baadf.dir/link.txt --verbose=1
/usr/bin/cc      -rdynamic CMakeFiles/cmTC_baadf.dir/CheckSymbolExists.c.o  -o cmTC_baadf 
CMakeFiles/cmTC_baadf.dir/CheckSymbolExists.c.o: In function `main':
CheckSymbolExists.c:(.text+0x1b): undefined reference to `pthread_create'
collect2: error: ld returned 1 exit status
CMakeFiles/cmTC_baadf.dir/build.make:97: recipe for target 'cmTC_baadf' failed
make[1]: *** [cmTC_baadf] Error 1
make[1]: Leaving directory '/home/annet/ros/hrwros_ws/build/hrwros_moveit_config/CMakeFiles/CMakeTmp'
Makefile:126: recipe for target 'cmTC_baadf/fast' failed
make: *** [cmTC_baadf/fast] Error 2

File /home/annet/ros/hrwros_ws/build/hrwros_moveit_config/CMakeFiles/CMakeTmp/CheckSymbolExists.c:
/* */
#include <pthread.h>

int main(int argc, char** argv)
{
  (void)argv;
#ifndef pthread_create
  return ((int*)(&pthread_create))[argc];
#else
  (void)argc;
  return 0;
#endif
}

Determining if the function pthread_create exists in the pthreads failed with the following output:
Change Dir: /home/annet/ros/hrwros_ws/build/hrwros_moveit_config/CMakeFiles/CMakeTmp

Run Build Command:"/usr/bin/make" "cmTC_56bad/fast"
/usr/bin/make -f CMakeFiles/cmTC_56bad.dir/build.make CMakeFiles/cmTC_56bad.dir/build
make[1]: Entering directory '/home/annet/ros/hrwros_ws/build/hrwros_moveit_config/CMakeFiles/CMakeTmp'
Building C object CMakeFiles/cmTC_56bad.dir/CheckFunctionExists.c.o
/usr/bin/cc   -DCHECK_FUNCTION_EXISTS=pthread_create   -o CMakeFiles/cmTC_56bad.dir/CheckFunctionExists.c.o   -c /usr/share/cmake-3.10/Modules/CheckFunctionExists.c
Linking C executable cmTC_56bad
/usr/bin/cmake -E cmake_link_script CMakeFiles/cmTC_56bad.dir/link.txt --verbose=1
/usr/bin/cc  -DCHECK_FUNCTION_EXISTS=pthread_create    -rdynamic CMakeFiles/cmTC_56bad.dir/CheckFunctionExists.c.o  -o cmTC_56bad -lpthreads 
/usr/bin/ld: cannot find -lpthreads
collect2: error: ld returned 1 exit status
CMakeFiles/cmTC_56bad.dir/build.make:97: recipe for target 'cmTC_56bad' failed
make[1]: *** [cmTC_56bad] Error 1
make[1]: Leaving directory '/home/annet/ros/hrwros_ws/build/hrwros_moveit_config/CMakeFiles/CMakeTmp'
Makefile:126: recipe for target 'cmTC_56bad/fast' failed
make: *** [cmTC_56bad/fast] Error 2


