Determining if the pthread_create exist failed with the following output:
Change Dir: /home/annet/ros/hrwros_ws/build/hrwros_support/CMakeFiles/CMakeTmp

Run Build Command:"/usr/bin/make" "cmTC_5f6ae/fast"
/usr/bin/make -f CMakeFiles/cmTC_5f6ae.dir/build.make CMakeFiles/cmTC_5f6ae.dir/build
make[1]: Entering directory '/home/annet/ros/hrwros_ws/build/hrwros_support/CMakeFiles/CMakeTmp'
Building C object CMakeFiles/cmTC_5f6ae.dir/CheckSymbolExists.c.o
/usr/bin/cc    -o CMakeFiles/cmTC_5f6ae.dir/CheckSymbolExists.c.o   -c /home/annet/ros/hrwros_ws/build/hrwros_support/CMakeFiles/CMakeTmp/CheckSymbolExists.c
Linking C executable cmTC_5f6ae
/usr/bin/cmake -E cmake_link_script CMakeFiles/cmTC_5f6ae.dir/link.txt --verbose=1
/usr/bin/cc      -rdynamic CMakeFiles/cmTC_5f6ae.dir/CheckSymbolExists.c.o  -o cmTC_5f6ae 
CMakeFiles/cmTC_5f6ae.dir/CheckSymbolExists.c.o: In function `main':
CheckSymbolExists.c:(.text+0x1b): undefined reference to `pthread_create'
collect2: error: ld returned 1 exit status
CMakeFiles/cmTC_5f6ae.dir/build.make:97: recipe for target 'cmTC_5f6ae' failed
make[1]: *** [cmTC_5f6ae] Error 1
make[1]: Leaving directory '/home/annet/ros/hrwros_ws/build/hrwros_support/CMakeFiles/CMakeTmp'
Makefile:126: recipe for target 'cmTC_5f6ae/fast' failed
make: *** [cmTC_5f6ae/fast] Error 2

File /home/annet/ros/hrwros_ws/build/hrwros_support/CMakeFiles/CMakeTmp/CheckSymbolExists.c:
/* */
#include <pthread.h>

int main(int argc, char** argv)
{
  (void)argv;
#ifndef pthread_create
  return ((int*)(&pthread_create))[argc];
#else
  (void)argc;
  return 0;
#endif
}

Determining if the function pthread_create exists in the pthreads failed with the following output:
Change Dir: /home/annet/ros/hrwros_ws/build/hrwros_support/CMakeFiles/CMakeTmp

Run Build Command:"/usr/bin/make" "cmTC_f00a9/fast"
/usr/bin/make -f CMakeFiles/cmTC_f00a9.dir/build.make CMakeFiles/cmTC_f00a9.dir/build
make[1]: Entering directory '/home/annet/ros/hrwros_ws/build/hrwros_support/CMakeFiles/CMakeTmp'
Building C object CMakeFiles/cmTC_f00a9.dir/CheckFunctionExists.c.o
/usr/bin/cc   -DCHECK_FUNCTION_EXISTS=pthread_create   -o CMakeFiles/cmTC_f00a9.dir/CheckFunctionExists.c.o   -c /usr/share/cmake-3.10/Modules/CheckFunctionExists.c
Linking C executable cmTC_f00a9
/usr/bin/cmake -E cmake_link_script CMakeFiles/cmTC_f00a9.dir/link.txt --verbose=1
/usr/bin/cc  -DCHECK_FUNCTION_EXISTS=pthread_create    -rdynamic CMakeFiles/cmTC_f00a9.dir/CheckFunctionExists.c.o  -o cmTC_f00a9 -lpthreads 
/usr/bin/ld: cannot find -lpthreads
collect2: error: ld returned 1 exit status
CMakeFiles/cmTC_f00a9.dir/build.make:97: recipe for target 'cmTC_f00a9' failed
make[1]: *** [cmTC_f00a9] Error 1
make[1]: Leaving directory '/home/annet/ros/hrwros_ws/build/hrwros_support/CMakeFiles/CMakeTmp'
Makefile:126: recipe for target 'cmTC_f00a9/fast' failed
make: *** [cmTC_f00a9/fast] Error 2


