Determining if the pthread_create exist failed with the following output:
Change Dir: /home/annet/ros/hrwros_ws/build/hrwros_week4/CMakeFiles/CMakeTmp

Run Build Command:"/usr/bin/make" "cmTC_48812/fast"
/usr/bin/make -f CMakeFiles/cmTC_48812.dir/build.make CMakeFiles/cmTC_48812.dir/build
make[1]: Entering directory '/home/annet/ros/hrwros_ws/build/hrwros_week4/CMakeFiles/CMakeTmp'
Building C object CMakeFiles/cmTC_48812.dir/CheckSymbolExists.c.o
/usr/bin/cc    -o CMakeFiles/cmTC_48812.dir/CheckSymbolExists.c.o   -c /home/annet/ros/hrwros_ws/build/hrwros_week4/CMakeFiles/CMakeTmp/CheckSymbolExists.c
Linking C executable cmTC_48812
/usr/bin/cmake -E cmake_link_script CMakeFiles/cmTC_48812.dir/link.txt --verbose=1
/usr/bin/cc      -rdynamic CMakeFiles/cmTC_48812.dir/CheckSymbolExists.c.o  -o cmTC_48812 
CMakeFiles/cmTC_48812.dir/CheckSymbolExists.c.o: In function `main':
CheckSymbolExists.c:(.text+0x1b): undefined reference to `pthread_create'
collect2: error: ld returned 1 exit status
CMakeFiles/cmTC_48812.dir/build.make:97: recipe for target 'cmTC_48812' failed
make[1]: *** [cmTC_48812] Error 1
make[1]: Leaving directory '/home/annet/ros/hrwros_ws/build/hrwros_week4/CMakeFiles/CMakeTmp'
Makefile:126: recipe for target 'cmTC_48812/fast' failed
make: *** [cmTC_48812/fast] Error 2

File /home/annet/ros/hrwros_ws/build/hrwros_week4/CMakeFiles/CMakeTmp/CheckSymbolExists.c:
/* */
#include <pthread.h>

int main(int argc, char** argv)
{
  (void)argv;
#ifndef pthread_create
  return ((int*)(&pthread_create))[argc];
#else
  (void)argc;
  return 0;
#endif
}

Determining if the function pthread_create exists in the pthreads failed with the following output:
Change Dir: /home/annet/ros/hrwros_ws/build/hrwros_week4/CMakeFiles/CMakeTmp

Run Build Command:"/usr/bin/make" "cmTC_560fa/fast"
/usr/bin/make -f CMakeFiles/cmTC_560fa.dir/build.make CMakeFiles/cmTC_560fa.dir/build
make[1]: Entering directory '/home/annet/ros/hrwros_ws/build/hrwros_week4/CMakeFiles/CMakeTmp'
Building C object CMakeFiles/cmTC_560fa.dir/CheckFunctionExists.c.o
/usr/bin/cc   -DCHECK_FUNCTION_EXISTS=pthread_create   -o CMakeFiles/cmTC_560fa.dir/CheckFunctionExists.c.o   -c /usr/share/cmake-3.10/Modules/CheckFunctionExists.c
Linking C executable cmTC_560fa
/usr/bin/cmake -E cmake_link_script CMakeFiles/cmTC_560fa.dir/link.txt --verbose=1
/usr/bin/cc  -DCHECK_FUNCTION_EXISTS=pthread_create    -rdynamic CMakeFiles/cmTC_560fa.dir/CheckFunctionExists.c.o  -o cmTC_560fa -lpthreads 
/usr/bin/ld: cannot find -lpthreads
collect2: error: ld returned 1 exit status
CMakeFiles/cmTC_560fa.dir/build.make:97: recipe for target 'cmTC_560fa' failed
make[1]: *** [cmTC_560fa] Error 1
make[1]: Leaving directory '/home/annet/ros/hrwros_ws/build/hrwros_week4/CMakeFiles/CMakeTmp'
Makefile:126: recipe for target 'cmTC_560fa/fast' failed
make: *** [cmTC_560fa/fast] Error 2


